<@163475101046538240>
!maximback
<@163475101046538240>
< @163475101046538240 >
<@163475101046538240>
<@163475101046538240>
<@163475101046538240>
"@mnhn329 test
"@mnhn329 test
"@mnhn329 test
!maximback
"@mnhn329 test
yeah
!maximback
"@mnhn329 test
"@mnhn329 test
!stop
"@mnhn329 test
"@mnhn329 test
"@mnhn329 case should fail
"@mnhn329"
cuz right now it just looks fro string @ mnhn
to be replaced with the <! 23425346346 > stuff
these are tests for now
got the delay
"@mnhn329" hi
monkaS
<@!192101257706602496>  hi
123

dear lord
1

